<?xml version="1.0" encoding="UTF-8"?>
<!-- Generated by org.testng.reporters.JUnitXMLReporter -->
<testsuite ignored="1" hostname="INBook_X1" failures="0" tests="1" name="Test" time="55.55" errors="0" timestamp="2023-08-01T19:23:16 IST">
  <testcase classname="VTiger_Contact_Tests.CreateContactWithOrg_TestAssert" name="createContactWithOrg" time="30.457"/>
  <testcase classname="VTiger_Contact_Tests.CreateContactWithOrg_TestAssert" name="demoTest" time="0.0">
    <ignored/>
  </testcase> <!-- demoTest -->
</testsuite> <!-- Test -->
